<?xml version='1.0' encoding='UTF-8'?>
<testsuite hostname="Mac.Home" name="controllers.HomeControllerSpec" tests="2" errors="0" failures="0" skipped="0" time="0.091" timestamp="2025-04-14T15:54:09">
          <properties>
[...]
</properties>
          <testcase classname="controllers.HomeControllerSpec" name="HomeController GET should render the index page from a new instance of controller" time="0.072">
                      
                    </testcase><testcase classname="controllers.HomeControllerSpec" name="HomeController GET should render the index page from the application" time="0.019">
                      
                    </testcase>
          <system-out><![CDATA[]]></system-out>
          <system-err><![CDATA[]]></system-err>
        </testsuite>