<?xml version='1.0' encoding='UTF-8'?>
<testsuite hostname="Mac" name="controllers.ApplicationControllerSpec" tests="1" errors="0" failures="0" skipped="0" time="0.044" timestamp="2025-04-14T15:21:33">
          <properties>
[...]
</properties>
          <testcase classname="controllers.ApplicationControllerSpec" name="ApplicationController .create should create a user in the database" time="0.044">
                      
                    </testcase>
          <system-out><![CDATA[]]></system-out>
          <system-err><![CDATA[]]></system-err>
        </testsuite>