<?xml version='1.0' encoding='UTF-8'?>
<testsuite hostname="Mac" name="controllers.HomeControllerSpec" tests="1" errors="1" failures="0" skipped="0" time="0.0" timestamp="2025-04-11T09:11:42">
          <properties>
[...]
</properties>
          <testcase classname="controllers.HomeControllerSpec" name="(It is not a test it is a sbt.testing.SuiteSelector)" time="0.0">
                      <error message="sbt.ForkMain$ForkError: java.lang.NoSuchMethodError: 'void ch.qos.logback.classic.util.ContextInitializer.configureByResource(java.net.URL)'" type="sbt.ForkMain$ForkError">sbt.ForkMain$ForkError: sbt.ForkMain$ForkError: java.lang.NoSuchMethodError: 'void ch.qos.logback.classic.util.ContextInitializer.configureByResource(java.net.URL)'
	at play.api.libs.logback.LogbackLoggerConfigurator.configure(LogbackLoggerConfigurator.scala:125)
	at play.api.libs.logback.LogbackLoggerConfigurator.configure(LogbackLoggerConfigurator.scala:73)
	at play.api.inject.guice.GuiceApplicationBuilder.$anonfun$configureLoggerFactory$1(GuiceApplicationBuilder.scala:137)
	at scala.Option.map(Option.scala:242)
	at play.api.inject.guice.GuiceApplicationBuilder.configureLoggerFactory(GuiceApplicationBuilder.scala:136)
	at play.api.inject.guice.GuiceApplicationBuilder.applicationModule(GuiceApplicationBuilder.scala:112)
	at play.api.inject.guice.GuiceBuilder.injector(GuiceInjectorBuilder.scala:201)
	at play.api.inject.guice.GuiceApplicationBuilder.build(GuiceApplicationBuilder.scala:155)
	at org.scalatestplus.play.guice.GuiceFakeApplicationFactory.fakeApplication(GuiceFakeApplicationFactory.scala:32)
	at org.scalatestplus.play.guice.GuiceFakeApplicationFactory.fakeApplication$(GuiceFakeApplicationFactory.scala:32)
	at controllers.HomeControllerSpec.fakeApplication(HomeControllerSpec.scala:11)
	at org.scalatestplus.play.BaseOneAppPerSuite.app(BaseOneAppPerSuite.scala:34)
	at org.scalatestplus.play.BaseOneAppPerSuite.app$(BaseOneAppPerSuite.scala:34)
	at controllers.HomeControllerSpec.app$lzycompute(HomeControllerSpec.scala:11)
	at controllers.HomeControllerSpec.app(HomeControllerSpec.scala:11)
	at org.scalatestplus.play.BaseOneAppPerSuite.run(BaseOneAppPerSuite.scala:47)
	at org.scalatestplus.play.BaseOneAppPerSuite.run$(BaseOneAppPerSuite.scala:46)
	at controllers.HomeControllerSpec.run(HomeControllerSpec.scala:11)
	at org.scalatest.tools.Framework.org$scalatest$tools$Framework$$runSuite(Framework.scala:321)
	at org.scalatest.tools.Framework$ScalaTestTask.execute(Framework.scala:517)
	at sbt.ForkMain$Run.lambda$runTest$1(ForkMain.java:413)
	at java.base/java.util.concurrent.FutureTask.run(FutureTask.java:264)
	at java.base/java.util.concurrent.ThreadPoolExecutor.runWorker(ThreadPoolExecutor.java:1128)
	at java.base/java.util.concurrent.ThreadPoolExecutor$Worker.run(ThreadPoolExecutor.java:628)
	at java.base/java.lang.Thread.run(Thread.java:829)
</error>
                    </testcase>
          <system-out><![CDATA[]]></system-out>
          <system-err><![CDATA[]]></system-err>
        </testsuite>